c:\users\ivan\documents\github\game-dev-project-i\pumpkin knight\motor2d\release\vc141.pdb
c:\users\ivan\documents\github\game-dev-project-i\pumpkin knight\motor2d\release\wolf.obj
c:\users\ivan\documents\github\game-dev-project-i\pumpkin knight\motor2d\release\pugixml.obj
c:\users\ivan\documents\github\game-dev-project-i\pumpkin knight\motor2d\release\j1window.obj
c:\users\ivan\documents\github\game-dev-project-i\pumpkin knight\motor2d\release\j1textures.obj
c:\users\ivan\documents\github\game-dev-project-i\pumpkin knight\motor2d\release\j1render.obj
c:\users\ivan\documents\github\game-dev-project-i\pumpkin knight\motor2d\release\p2log.obj
c:\users\ivan\documents\github\game-dev-project-i\pumpkin knight\motor2d\release\j1timer.obj
c:\users\ivan\documents\github\game-dev-project-i\pumpkin knight\motor2d\release\j1scene.obj
c:\users\ivan\documents\github\game-dev-project-i\pumpkin knight\motor2d\release\j1player.obj
c:\users\ivan\documents\github\game-dev-project-i\pumpkin knight\motor2d\release\j1perftimer.obj
c:\users\ivan\documents\github\game-dev-project-i\pumpkin knight\motor2d\release\j1pathfinding.obj
c:\users\ivan\documents\github\game-dev-project-i\pumpkin knight\motor2d\release\j1map.obj
c:\users\ivan\documents\github\game-dev-project-i\pumpkin knight\motor2d\release\j1input.obj
c:\users\ivan\documents\github\game-dev-project-i\pumpkin knight\motor2d\release\j1audio.obj
c:\users\ivan\documents\github\game-dev-project-i\pumpkin knight\motor2d\release\j1app.obj
c:\users\ivan\documents\github\game-dev-project-i\pumpkin knight\motor2d\release\j1main.obj
c:\users\ivan\documents\github\game-dev-project-i\pumpkin knight\motor2d\release\j1entitymanager.obj
c:\users\ivan\documents\github\game-dev-project-i\pumpkin knight\motor2d\release\entity.obj
c:\users\ivan\documents\github\game-dev-project-i\pumpkin knight\motor2d\release\j1collisions.obj
c:\users\ivan\documents\github\game-dev-project-i\pumpkin knight\motor2d\release\bat.obj
c:\users\ivan\documents\github\game-dev-project-i\pumpkin knight\motor2d\release\player.obj
c:\users\ivan\documents\github\game-dev-project-i\pumpkin knight\motor2d\release\j1gui.obj
c:\users\ivan\documents\github\game-dev-project-i\pumpkin knight\motor2d\release\j1fonts.obj
c:\users\ivan\documents\github\game-dev-project-i\pumpkin knight\release\motor 2d.exe
c:\users\ivan\documents\github\game-dev-project-i\pumpkin knight\release\motor 2d.pdb
c:\users\ivan\documents\github\game-dev-project-i\pumpkin knight\release\motor 2d.ipdb
c:\users\ivan\documents\github\game-dev-project-i\pumpkin knight\release\motor 2d.iobj
c:\users\ivan\documents\github\game-dev-project-i\pumpkin knight\motor2d\release\motor 2d.tlog\cl.command.1.tlog
c:\users\ivan\documents\github\game-dev-project-i\pumpkin knight\motor2d\release\motor 2d.tlog\cl.read.1.tlog
c:\users\ivan\documents\github\game-dev-project-i\pumpkin knight\motor2d\release\motor 2d.tlog\cl.write.1.tlog
c:\users\ivan\documents\github\game-dev-project-i\pumpkin knight\motor2d\release\motor 2d.tlog\link.command.1.tlog
c:\users\ivan\documents\github\game-dev-project-i\pumpkin knight\motor2d\release\motor 2d.tlog\link.read.1.tlog
c:\users\ivan\documents\github\game-dev-project-i\pumpkin knight\motor2d\release\motor 2d.tlog\link.write.1.tlog
c:\users\ivan\documents\github\game-dev-project-i\pumpkin knight\motor2d\release\motor 2d.tlog\motor 2d.write.1u.tlog
