  j1App.cpp
c:\users\ivandv\documents\github\game-developement-projects\pumpkin knight\motor2d\Path.h(60): warning C4244: 'argument': conversion from 'int' to 'const float', possible loss of data
c:\users\ivandv\documents\github\game-developement-projects\pumpkin knight\motor2d\Path.h(66): warning C4018: '<': signed/unsigned mismatch
c:\users\ivandv\documents\github\game-developement-projects\pumpkin knight\motor2d\Path.h(70): warning C4018: '>=': signed/unsigned mismatch
c:\users\ivandv\documents\github\game-developement-projects\pumpkin knight\motor2d\j1Map.h(16): warning C4005: 'COST_MAP': macro redefinition
  c:\users\ivandv\documents\github\game-developement-projects\pumpkin knight\motor2d\j1Pathfinding.h(16): note: see previous definition of 'COST_MAP'
j1App.cpp(253): warning C4018: '<': signed/unsigned mismatch
j1App.cpp(249): warning C4477: 'sprintf_s' : format string '%lu' requires an argument of type 'unsigned long', but variadic argument 7 has type 'uint64'
  j1App.cpp(249): note: consider using '%llu' in the format string
  j1App.cpp(249): note: consider using '%I64u' in the format string
  j1Scene.cpp
c:\users\ivandv\documents\github\game-developement-projects\pumpkin knight\motor2d\Path.h(60): warning C4244: 'argument': conversion from 'int' to 'const float', possible loss of data
c:\users\ivandv\documents\github\game-developement-projects\pumpkin knight\motor2d\Path.h(66): warning C4018: '<': signed/unsigned mismatch
c:\users\ivandv\documents\github\game-developement-projects\pumpkin knight\motor2d\Path.h(70): warning C4018: '>=': signed/unsigned mismatch
c:\users\ivandv\documents\github\game-developement-projects\pumpkin knight\motor2d\j1Map.h(16): warning C4005: 'COST_MAP': macro redefinition
  c:\users\ivandv\documents\github\game-developement-projects\pumpkin knight\motor2d\j1Pathfinding.h(16): note: see previous definition of 'COST_MAP'
j1Scene.cpp(90): warning C4244: '+=': conversion from 'float' to 'int', possible loss of data
j1Scene.cpp(93): warning C4244: '-=': conversion from 'float' to 'int', possible loss of data
j1Scene.cpp(96): warning C4244: '+=': conversion from 'float' to 'int', possible loss of data
j1Scene.cpp(99): warning C4244: '-=': conversion from 'float' to 'int', possible loss of data
j1Scene.cpp(192): warning C4060: switch statement contains no 'case' or 'default' labels
  Generating code
  2 of 601 functions ( 0.3%) were compiled, the rest were copied from previous compilation.
    0 functions were new in current compilation
    1 functions had inline decision re-evaluated but remain unchanged
  Finished generating code
  Motor2D.vcxproj -> C:\Users\ivandv\Documents\GitHub\Game-Developement-Projects\Pumpkin Knight\Release\Motor 2D.exe
