c:\users\ivan\documents\github\game-dev-project-i\pumpkin knight\motor2d\debug\vc141.pdb
c:\users\ivan\documents\github\game-dev-project-i\pumpkin knight\motor2d\debug\vc141.idb
c:\users\ivan\documents\github\game-dev-project-i\pumpkin knight\motor2d\debug\j1collisions.obj
c:\users\ivan\documents\github\game-dev-project-i\pumpkin knight\motor2d\debug\entity.obj
c:\users\ivan\documents\github\game-dev-project-i\pumpkin knight\motor2d\debug\j1entitymanager.obj
c:\users\ivan\documents\github\game-dev-project-i\pumpkin knight\motor2d\debug\j1main.obj
c:\users\ivan\documents\github\game-dev-project-i\pumpkin knight\motor2d\debug\j1app.obj
c:\users\ivan\documents\github\game-dev-project-i\pumpkin knight\motor2d\debug\j1audio.obj
c:\users\ivan\documents\github\game-dev-project-i\pumpkin knight\motor2d\debug\j1input.obj
c:\users\ivan\documents\github\game-dev-project-i\pumpkin knight\motor2d\debug\j1map.obj
c:\users\ivan\documents\github\game-dev-project-i\pumpkin knight\motor2d\debug\j1pathfinding.obj
c:\users\ivan\documents\github\game-dev-project-i\pumpkin knight\motor2d\debug\j1perftimer.obj
c:\users\ivan\documents\github\game-dev-project-i\pumpkin knight\motor2d\debug\j1player.obj
c:\users\ivan\documents\github\game-dev-project-i\pumpkin knight\motor2d\debug\j1scene.obj
c:\users\ivan\documents\github\game-dev-project-i\pumpkin knight\motor2d\debug\j1timer.obj
c:\users\ivan\documents\github\game-dev-project-i\pumpkin knight\motor2d\debug\p2log.obj
c:\users\ivan\documents\github\game-dev-project-i\pumpkin knight\motor2d\debug\j1render.obj
c:\users\ivan\documents\github\game-dev-project-i\pumpkin knight\motor2d\debug\j1textures.obj
c:\users\ivan\documents\github\game-dev-project-i\pumpkin knight\motor2d\debug\j1window.obj
c:\users\ivan\documents\github\game-dev-project-i\pumpkin knight\motor2d\debug\player.obj
c:\users\ivan\documents\github\game-dev-project-i\pumpkin knight\motor2d\debug\pugixml.obj
c:\users\ivan\documents\github\game-dev-project-i\pumpkin knight\motor2d\debug\wolf.obj
c:\users\ivan\documents\github\game-dev-project-i\pumpkin knight\motor2d\debug\bat.obj
c:\users\ivan\documents\github\game-dev-project-i\pumpkin knight\motor2d\debug\j1entitymanager.obj.enc
c:\users\ivan\documents\github\game-dev-project-i\pumpkin knight\debug\motor 2d.pdb
c:\users\ivan\documents\github\game-dev-project-i\pumpkin knight\motor2d\debug\motor 2d.tlog\cl.command.1.tlog
c:\users\ivan\documents\github\game-dev-project-i\pumpkin knight\motor2d\debug\motor 2d.tlog\cl.read.1.tlog
c:\users\ivan\documents\github\game-dev-project-i\pumpkin knight\motor2d\debug\motor 2d.tlog\cl.write.1.tlog
c:\users\ivan\documents\github\game-dev-project-i\pumpkin knight\motor2d\debug\motor 2d.tlog\link.command.1.tlog
c:\users\ivan\documents\github\game-dev-project-i\pumpkin knight\motor2d\debug\motor 2d.tlog\link.read.1.tlog
c:\users\ivan\documents\github\game-dev-project-i\pumpkin knight\motor2d\debug\motor 2d.tlog\link.write.1.tlog
