  Wolf.cpp
c:\users\ivan\documents\github\game-dev-project-i\pumpkin knight\motor2d\path.h(60): warning C4244: 'argument': conversion from 'int' to 'const float', possible loss of data
c:\users\ivan\documents\github\game-dev-project-i\pumpkin knight\motor2d\path.h(66): warning C4018: '<': signed/unsigned mismatch
c:\users\ivan\documents\github\game-dev-project-i\pumpkin knight\motor2d\path.h(70): warning C4018: '>=': signed/unsigned mismatch
c:\users\ivan\documents\github\game-dev-project-i\pumpkin knight\motor2d\j1pathfinding.h(16): warning C4005: 'COST_MAP': macro redefinition
  c:\users\ivan\documents\github\game-dev-project-i\pumpkin knight\motor2d\j1map.h(16): note: see previous definition of 'COST_MAP'
c:\users\ivan\documents\github\game-dev-project-i\pumpkin knight\motor2d\wolf.cpp(26): warning C4244: '=': conversion from 'float' to 'int', possible loss of data
  pugixml.cpp
  Player.cpp
c:\users\ivan\documents\github\game-dev-project-i\pumpkin knight\motor2d\path.h(60): warning C4244: 'argument': conversion from 'int' to 'const float', possible loss of data
c:\users\ivan\documents\github\game-dev-project-i\pumpkin knight\motor2d\path.h(66): warning C4018: '<': signed/unsigned mismatch
c:\users\ivan\documents\github\game-dev-project-i\pumpkin knight\motor2d\path.h(70): warning C4018: '>=': signed/unsigned mismatch
c:\users\ivan\documents\github\game-dev-project-i\pumpkin knight\motor2d\j1pathfinding.h(16): warning C4005: 'COST_MAP': macro redefinition
  c:\users\ivan\documents\github\game-dev-project-i\pumpkin knight\motor2d\j1map.h(16): note: see previous definition of 'COST_MAP'
c:\users\ivan\documents\github\game-dev-project-i\pumpkin knight\motor2d\player.cpp(59): warning C4244: '=': conversion from 'float' to 'int', possible loss of data
c:\users\ivan\documents\github\game-dev-project-i\pumpkin knight\motor2d\player.cpp(205): warning C4244: '=': conversion from 'float' to 'int', possible loss of data
  j1Window.cpp
  j1Textures.cpp
  j1Render.cpp
  p2Log.cpp
  j1Timer.cpp
  j1Scene.cpp
c:\users\ivan\documents\github\game-dev-project-i\pumpkin knight\motor2d\path.h(60): warning C4244: 'argument': conversion from 'int' to 'const float', possible loss of data
c:\users\ivan\documents\github\game-dev-project-i\pumpkin knight\motor2d\path.h(66): warning C4018: '<': signed/unsigned mismatch
c:\users\ivan\documents\github\game-dev-project-i\pumpkin knight\motor2d\path.h(70): warning C4018: '>=': signed/unsigned mismatch
c:\users\ivan\documents\github\game-dev-project-i\pumpkin knight\motor2d\j1map.h(16): warning C4005: 'COST_MAP': macro redefinition
  c:\users\ivan\documents\github\game-dev-project-i\pumpkin knight\motor2d\j1pathfinding.h(16): note: see previous definition of 'COST_MAP'
c:\users\ivan\documents\github\game-dev-project-i\pumpkin knight\motor2d\j1scene.cpp(78): warning C4244: '+=': conversion from 'float' to 'int', possible loss of data
c:\users\ivan\documents\github\game-dev-project-i\pumpkin knight\motor2d\j1scene.cpp(81): warning C4244: '-=': conversion from 'float' to 'int', possible loss of data
c:\users\ivan\documents\github\game-dev-project-i\pumpkin knight\motor2d\j1scene.cpp(84): warning C4244: '+=': conversion from 'float' to 'int', possible loss of data
c:\users\ivan\documents\github\game-dev-project-i\pumpkin knight\motor2d\j1scene.cpp(87): warning C4244: '-=': conversion from 'float' to 'int', possible loss of data
  j1Player.cpp
  j1PerfTimer.cpp
  j1Pathfinding.cpp
c:\users\ivan\documents\github\game-dev-project-i\pumpkin knight\motor2d\path.h(60): warning C4244: 'argument': conversion from 'int' to 'const float', possible loss of data
c:\users\ivan\documents\github\game-dev-project-i\pumpkin knight\motor2d\path.h(66): warning C4018: '<': signed/unsigned mismatch
c:\users\ivan\documents\github\game-dev-project-i\pumpkin knight\motor2d\path.h(70): warning C4018: '>=': signed/unsigned mismatch
c:\users\ivan\documents\github\game-dev-project-i\pumpkin knight\motor2d\j1pathfinding.h(16): warning C4005: 'COST_MAP': macro redefinition
  c:\users\ivan\documents\github\game-dev-project-i\pumpkin knight\motor2d\j1map.h(16): note: see previous definition of 'COST_MAP'
c:\users\ivan\documents\github\game-dev-project-i\pumpkin knight\motor2d\p2point.h(114): warning C4244: 'argument': conversion from 'int' to 'float', possible loss of data
  c:\users\ivan\documents\github\game-dev-project-i\pumpkin knight\motor2d\p2point.h(110): note: while compiling class template member function 'int p2Point<int>::DistanceTo(const p2Point<int> &) const'
  c:\users\ivan\documents\github\game-dev-project-i\pumpkin knight\motor2d\j1pathfinding.cpp(140): note: see reference to function template instantiation 'int p2Point<int>::DistanceTo(const p2Point<int> &) const' being compiled
  c:\users\ivan\documents\github\game-dev-project-i\pumpkin knight\motor2d\j1pathfinding.cpp(37): note: see reference to class template instantiation 'p2Point<int>' being compiled
c:\users\ivan\documents\github\game-dev-project-i\pumpkin knight\motor2d\p2point.h(114): warning C4244: 'return': conversion from 'float' to 'int', possible loss of data
  j1Map.cpp
c:\users\ivan\documents\github\game-dev-project-i\pumpkin knight\motor2d\path.h(60): warning C4244: 'argument': conversion from 'int' to 'const float', possible loss of data
c:\users\ivan\documents\github\game-dev-project-i\pumpkin knight\motor2d\path.h(66): warning C4018: '<': signed/unsigned mismatch
c:\users\ivan\documents\github\game-dev-project-i\pumpkin knight\motor2d\path.h(70): warning C4018: '>=': signed/unsigned mismatch
c:\users\ivan\documents\github\game-dev-project-i\pumpkin knight\motor2d\j1map.h(16): warning C4005: 'COST_MAP': macro redefinition
  c:\users\ivan\documents\github\game-dev-project-i\pumpkin knight\motor2d\j1pathfinding.h(16): note: see previous definition of 'COST_MAP'
c:\users\ivan\documents\github\game-dev-project-i\pumpkin knight\motor2d\j1map.cpp(328): warning C4244: 'initializing': conversion from 'float' to 'int', possible loss of data
c:\users\ivan\documents\github\game-dev-project-i\pumpkin knight\motor2d\j1map.cpp(329): warning C4244: 'initializing': conversion from 'float' to 'int', possible loss of data
c:\users\ivan\documents\github\game-dev-project-i\pumpkin knight\motor2d\j1map.cpp(613): warning C4244: '=': conversion from 'int' to 'float', possible loss of data
c:\users\ivan\documents\github\game-dev-project-i\pumpkin knight\motor2d\j1map.cpp(617): warning C4244: '=': conversion from 'int' to 'float', possible loss of data
c:\users\ivan\documents\github\game-dev-project-i\pumpkin knight\motor2d\j1map.cpp(630): warning C4244: '=': conversion from 'float' to 'int', possible loss of data
c:\users\ivan\documents\github\game-dev-project-i\pumpkin knight\motor2d\j1map.cpp(631): warning C4244: '=': conversion from 'float' to 'int', possible loss of data
  j1Input.cpp
  j1Audio.cpp
  j1App.cpp
c:\users\ivan\documents\github\game-dev-project-i\pumpkin knight\motor2d\path.h(60): warning C4244: 'argument': conversion from 'int' to 'const float', possible loss of data
c:\users\ivan\documents\github\game-dev-project-i\pumpkin knight\motor2d\path.h(66): warning C4018: '<': signed/unsigned mismatch
c:\users\ivan\documents\github\game-dev-project-i\pumpkin knight\motor2d\path.h(70): warning C4018: '>=': signed/unsigned mismatch
c:\users\ivan\documents\github\game-dev-project-i\pumpkin knight\motor2d\j1map.h(16): warning C4005: 'COST_MAP': macro redefinition
  c:\users\ivan\documents\github\game-dev-project-i\pumpkin knight\motor2d\j1pathfinding.h(16): note: see previous definition of 'COST_MAP'
c:\users\ivan\documents\github\game-dev-project-i\pumpkin knight\motor2d\j1app.cpp(250): warning C4018: '<': signed/unsigned mismatch
c:\users\ivan\documents\github\game-dev-project-i\pumpkin knight\motor2d\j1app.cpp(246): warning C4477: 'sprintf_s' : format string '%lu' requires an argument of type 'unsigned long', but variadic argument 7 has type 'uint64'
  c:\users\ivan\documents\github\game-dev-project-i\pumpkin knight\motor2d\j1app.cpp(246): note: consider using '%llu' in the format string
  c:\users\ivan\documents\github\game-dev-project-i\pumpkin knight\motor2d\j1app.cpp(246): note: consider using '%I64u' in the format string
  j1Main.cpp
  j1EntityManager.cpp
c:\users\ivan\documents\github\game-dev-project-i\pumpkin knight\motor2d\path.h(60): warning C4244: 'argument': conversion from 'int' to 'const float', possible loss of data
c:\users\ivan\documents\github\game-dev-project-i\pumpkin knight\motor2d\path.h(66): warning C4018: '<': signed/unsigned mismatch
c:\users\ivan\documents\github\game-dev-project-i\pumpkin knight\motor2d\path.h(70): warning C4018: '>=': signed/unsigned mismatch
c:\users\ivan\documents\github\game-dev-project-i\pumpkin knight\motor2d\j1pathfinding.h(16): warning C4005: 'COST_MAP': macro redefinition
  c:\users\ivan\documents\github\game-dev-project-i\pumpkin knight\motor2d\j1map.h(16): note: see previous definition of 'COST_MAP'
  Entity.cpp
c:\users\ivan\documents\github\game-dev-project-i\pumpkin knight\motor2d\path.h(60): warning C4244: 'argument': conversion from 'int' to 'const float', possible loss of data
c:\users\ivan\documents\github\game-dev-project-i\pumpkin knight\motor2d\path.h(66): warning C4018: '<': signed/unsigned mismatch
c:\users\ivan\documents\github\game-dev-project-i\pumpkin knight\motor2d\path.h(70): warning C4018: '>=': signed/unsigned mismatch
c:\users\ivan\documents\github\game-dev-project-i\pumpkin knight\motor2d\j1pathfinding.h(16): warning C4005: 'COST_MAP': macro redefinition
  c:\users\ivan\documents\github\game-dev-project-i\pumpkin knight\motor2d\j1map.h(16): note: see previous definition of 'COST_MAP'
c:\users\ivan\documents\github\game-dev-project-i\pumpkin knight\motor2d\entity.cpp(9): warning C4244: 'argument': conversion from 'int' to 'const float', possible loss of data
c:\users\ivan\documents\github\game-dev-project-i\pumpkin knight\motor2d\entity.cpp(37): warning C4244: 'argument': conversion from 'float' to 'int', possible loss of data
c:\users\ivan\documents\github\game-dev-project-i\pumpkin knight\motor2d\entity.cpp(43): warning C4244: 'argument': conversion from 'float' to 'int', possible loss of data
c:\users\ivan\documents\github\game-dev-project-i\pumpkin knight\motor2d\entity.cpp(48): warning C4244: 'argument': conversion from 'float' to 'int', possible loss of data
  j1Collisions.cpp
c:\users\ivan\documents\github\game-dev-project-i\pumpkin knight\motor2d\path.h(60): warning C4244: 'argument': conversion from 'int' to 'const float', possible loss of data
c:\users\ivan\documents\github\game-dev-project-i\pumpkin knight\motor2d\path.h(66): warning C4018: '<': signed/unsigned mismatch
c:\users\ivan\documents\github\game-dev-project-i\pumpkin knight\motor2d\path.h(70): warning C4018: '>=': signed/unsigned mismatch
c:\users\ivan\documents\github\game-dev-project-i\pumpkin knight\motor2d\j1pathfinding.h(16): warning C4005: 'COST_MAP': macro redefinition
  c:\users\ivan\documents\github\game-dev-project-i\pumpkin knight\motor2d\j1map.h(16): note: see previous definition of 'COST_MAP'
  Generating Code...
c:\users\ivan\documents\github\game-dev-project-i\pumpkin knight\motor2d\animation.h(49): warning C4715: 'Animation::GetCurrentFrame': not all control paths return a value
  Compiling...
  Bat.cpp
c:\users\ivan\documents\github\game-dev-project-i\pumpkin knight\motor2d\path.h(60): warning C4244: 'argument': conversion from 'int' to 'const float', possible loss of data
c:\users\ivan\documents\github\game-dev-project-i\pumpkin knight\motor2d\path.h(66): warning C4018: '<': signed/unsigned mismatch
c:\users\ivan\documents\github\game-dev-project-i\pumpkin knight\motor2d\path.h(70): warning C4018: '>=': signed/unsigned mismatch
c:\users\ivan\documents\github\game-dev-project-i\pumpkin knight\motor2d\j1pathfinding.h(16): warning C4005: 'COST_MAP': macro redefinition
  c:\users\ivan\documents\github\game-dev-project-i\pumpkin knight\motor2d\j1map.h(16): note: see previous definition of 'COST_MAP'
c:\users\ivan\documents\github\game-dev-project-i\pumpkin knight\motor2d\bat.cpp(23): warning C4244: '=': conversion from 'float' to 'int', possible loss of data
  Generating Code...
  Motor2D.vcxproj -> C:\Users\Ivan\Documents\GitHub\Game-Dev-Project-I\Pumpkin Knight\Debug\Motor 2D.exe
  Motor2D.vcxproj -> C:\Users\Ivan\Documents\GitHub\Game-Dev-Project-I\Pumpkin Knight\Debug\Motor 2D.pdb (Partial PDB)
